\BOOKMARK [1][]{section*.1}{\376\377\000A\000v\000a\000n\000t\000-\000p\000r\000o\000p\000o\000s}{}% 1
\BOOKMARK [1][]{section*.3}{\376\377\000R\000e\000m\000e\000r\000c\000i\000e\000m\000e\000n\000t}{}% 2
\BOOKMARK [1][]{section*.4}{\376\377\000R\000\351\000s\000u\000m\000\351}{}% 3
\BOOKMARK [1][]{section*.5}{\376\377\000A\000b\000s\000t\000r\000a\000c\000t}{}% 4
\BOOKMARK [1][]{section*.6}{\376\377\000S\000o\000m\000m\000a\000i\000r\000e}{}% 5
\BOOKMARK [1][]{section*.7}{\376\377\000L\000i\000s\000t\000e\000\040\000d\000e\000s\000\040\000f\000i\000g\000u\000r\000e\000s}{}% 6
\BOOKMARK [1][]{section*.8}{\376\377\000L\000i\000s\000t\000e\000\040\000d\000e\000s\000\040\000t\000a\000b\000l\000e\000s}{}% 7
\BOOKMARK [1][]{section*.9}{\376\377\000G\000l\000o\000s\000s\000a\000i\000r\000e\000\040\000d\000e\000s\000\040\000a\000c\000r\000o\000n\000y\000m\000e\000s}{}% 8
\BOOKMARK [1][]{section*.10}{\376\377\000I\000n\000t\000r\000o\000d\000u\000c\000t\000i\000o\000n\000\040\000g\000\351\000n\000\351\000r\000a\000l\000e}{}% 9
\BOOKMARK [2][]{section*.11}{\376\377\000C\000o\000n\000t\000e\000x\000t\000e\000\040\000d\000u\000\040\000p\000r\000o\000j\000e\000t}{section*.10}% 10
\BOOKMARK [2][]{section*.11}{\376\377\000O\000b\000j\000e\000c\000t\000i\000f\000s\000\040\000e\000t\000\040\000m\000i\000s\000s\000i\000o\000n\000s}{section*.10}% 11
\BOOKMARK [2][]{section*.11}{\376\377\000C\000o\000n\000t\000e\000n\000u\000\040\000d\000u\000\040\000m\000\351\000m\000o\000i\000r\000e}{section*.10}% 12
\BOOKMARK [1][]{section.1}{\376\377\0001\000\040\000E\000n\000v\000i\000r\000o\000n\000n\000e\000m\000e\000n\000t\000s\000\040\000e\000t\000\040\000o\000u\000t\000i\000l\000s}{}% 13
\BOOKMARK [2][]{section*.12}{\376\377\000I\000n\000t\000r\000o\000d\000u\000c\000t\000i\000o\000n}{section.1}% 14
\BOOKMARK [2][]{subsection.1.1}{\376\377\0001\000.\0001\000\040\000C\000o\000m\000p\000o\000s\000a\000n\000t\000s\000\040\000l\000o\000g\000i\000c\000i\000e\000l\000s}{section.1}% 15
\BOOKMARK [3][]{subsubsection.1.1.1}{\376\377\0001\000.\0001\000.\0001\000\040\000F\000r\000o\000n\000t\000-\000e\000n\000d}{subsection.1.1}% 16
\BOOKMARK [3][]{subsubsection.1.1.2}{\376\377\0001\000.\0001\000.\0002\000\040\000B\000a\000c\000k\000-\000e\000n\000d}{subsection.1.1}% 17
\BOOKMARK [3][]{subsubsection.1.1.3}{\376\377\0001\000.\0001\000.\0003\000\040\000S\000y\000s\000t\000\350\000m\000e\000\040\000d\000e\000\040\000g\000e\000s\000t\000i\000o\000n\000\040\000d\000e\000\040\000b\000a\000s\000e\000\040\000d\000e\000\040\000d\000o\000n\000n\000\351\000e\000s}{subsection.1.1}% 18
\BOOKMARK [3][]{subsubsection.1.1.4}{\376\377\0001\000.\0001\000.\0004\000\040\000S\000t\000o\000c\000k\000a\000g\000e\000\040\000e\000t\000\040\000s\000\351\000c\000u\000r\000i\000t\000\351\000\040\000d\000e\000s\000\040\000d\000o\000n\000n\000\351\000e\000s}{subsection.1.1}% 19
\BOOKMARK [2][]{subsection.1.2}{\376\377\0001\000.\0002\000\040\000E\000n\000v\000i\000r\000o\000n\000n\000e\000m\000e\000n\000t\000\040\000d\000e\000\040\000d\000\351\000v\000e\000l\000o\000p\000p\000e\000m\000e\000n\000t}{section.1}% 20
\BOOKMARK [3][]{subsubsection.1.2.1}{\376\377\0001\000.\0002\000.\0001\000\040\000E\000n\000v\000i\000r\000o\000n\000m\000e\000n\000t\000\040\000m\000a\000t\000\351\000r\000i\000e\000l}{subsection.1.2}% 21
\BOOKMARK [3][]{subsubsection.1.2.2}{\376\377\0001\000.\0002\000.\0002\000\040\000E\000n\000v\000i\000r\000o\000n\000n\000e\000m\000e\000n\000t\000\040\000l\000o\000g\000i\000c\000i\000e\000l\000\040\000e\000t\000\040\000o\000u\000t\000i\000l\000s}{subsection.1.2}% 22
\BOOKMARK [2][]{subsection.1.3}{\376\377\0001\000.\0003\000\040\000O\000u\000t\000i\000l\000s\000\040\000u\000t\000i\000l\000i\000s\000\351\000s\000\040\000p\000o\000u\000r\000\040\000l\000a\000\040\000r\000\351\000a\000l\000i\000s\000a\000t\000i\000o\000n\000\040\000d\000e\000\040\000c\000e\000\040\000r\000a\000p\000p\000o\000r\000t}{section.1}% 23
\BOOKMARK [2][]{subsection.1.3}{\376\377\000C\000o\000n\000c\000l\000u\000s\000i\000o\000n}{section.1}% 24
\BOOKMARK [1][]{section*.13}{\376\377\000C\000o\000n\000c\000l\000u\000s\000i\000o\000n\000\040\000g\000\351\000n\000\351\000r\000a\000l\000e}{}% 25
\BOOKMARK [1][]{section*.14}{\376\377\000B\000i\000b\000l\000i\000o\000g\000r\000a\000p\000h\000i\000e}{}% 26
